<?xml version="1.0" encoding="UTF-8"?>
<!-- Generated by org.testng.reporters.JUnitXMLReporter -->
<testsuite ignored="4" hostname="gowtham" failures="0" tests="3" name="Default test" time="19.874" errors="0" timestamp="15 Jul 2020 06:40:47 GMT">
  <testcase classname="com.practice.testcases.LoginTest" name="login" time="0.352"/>
  <testcase classname="com.practice.testcases.AddCustomerLoginTest" name="addCustomers" time="12.609"/>
  <testcase classname="com.practice.testcases.AddCustomerLoginTest" name="addCustomers" time="6.46"/>
  <testcase classname="com.practice.base.TestBase" name="@AfterSuite tearDown" time="0.0">
    <ignored/>
  </testcase> <!-- @AfterSuite tearDown -->
  <testcase classname="com.practice.base.TestBase" name="@AfterSuite tearDown" time="0.0">
    <ignored/>
  </testcase> <!-- @AfterSuite tearDown -->
  <testcase classname="com.practice.base.TestBase" name="@BeforeSuite setUp" time="0.0">
    <ignored/>
  </testcase> <!-- @BeforeSuite setUp -->
  <testcase classname="com.practice.base.TestBase" name="@BeforeSuite setUp" time="0.0">
    <ignored/>
  </testcase> <!-- @BeforeSuite setUp -->
</testsuite> <!-- Default test -->
