<?xml version="1.0" encoding="UTF-8"?>
<!-- Generated by org.testng.reporters.JUnitXMLReporter -->
<testsuite ignored="0" hostname="gowtham" failures="0" tests="4" name="Test case - 2" time="17.201" errors="0" timestamp="16 Jul 2020 14:04:00 GMT">
  <testcase classname="com.practice.testcases.AddCustomer" name="addCustomers" time="4.241"/>
  <testcase classname="com.practice.testcases.AddCustomer" name="addCustomers" time="4.344"/>
  <testcase classname="com.practice.testcases.AddCustomer" name="addCustomers" time="4.407"/>
  <testcase classname="com.practice.testcases.AddCustomer" name="addCustomers" time="3.818"/>
</testsuite> <!-- Test case - 2 -->
