<?xml version="1.0" encoding="UTF-8"?>
<!-- Generated by org.testng.reporters.JUnitXMLReporter -->
<testsuite ignored="0" hostname="gowtham" failures="0" tests="5" name="Test case -2" time="20.528" errors="0" timestamp="16 Jul 2020 07:54:52 GMT">
  <testcase classname="com.practice.testcases.AddCustomerLoginTest" name="addCustomers" time="5.316"/>
  <testcase classname="com.practice.testcases.AddCustomerLoginTest" name="addCustomers" time="4.187"/>
  <testcase classname="com.practice.testcases.AddCustomerLoginTest" name="addCustomers" time="3.841"/>
  <testcase classname="com.practice.testcases.AddCustomerLoginTest" name="addCustomers" time="3.831"/>
  <testcase classname="com.practice.testcases.AddCustomerLoginTest" name="openAccount" time="2.953"/>
</testsuite> <!-- Test case -2 -->
