<?xml version="1.0" encoding="UTF-8"?>
<testng-results ignored="0" total="3" passed="3" failed="0" skipped="0">
  <reporter-output>
  </reporter-output>
  <suite started-at="2020-07-27T11:33:58Z" name="Test suite" finished-at="2020-07-27T11:34:16Z" duration-ms="17230">
    <groups>
    </groups>
    <test started-at="2020-07-27T11:33:58Z" name="Test case - 1" finished-at="2020-07-27T11:33:59Z" duration-ms="671">
      <class name="com.practice.testcases.LoginTest">
        <test-method signature="login()[pri:0, instance:com.practice.testcases.LoginTest@2b4bac49]" started-at="2020-07-27T17:03:58Z" name="login" finished-at="2020-07-27T17:03:59Z" duration-ms="628" status="PASS">
          <reporter-output>
          </reporter-output>
        </test-method> <!-- login -->
      </class> <!-- com.practice.testcases.LoginTest -->
    </test> <!-- Test case - 1 -->
    <test started-at="2020-07-27T11:33:59Z" name="Test case - 2" finished-at="2020-07-27T11:34:11Z" duration-ms="12242">
      <class name="com.practice.testcases.AddCustomer">
        <test-method is-config="true" signature="clickAddCustomers()[pri:0, instance:com.practice.testcases.AddCustomer@4a668b6e]" started-at="2020-07-27T17:03:59Z" name="clickAddCustomers" finished-at="2020-07-27T17:04:00Z" duration-ms="384" status="PASS">
          <reporter-output>
          </reporter-output>
        </test-method> <!-- clickAddCustomers -->
        <test-method signature="addCustomers(java.lang.String, java.lang.String, java.lang.String, java.lang.String)[pri:0, instance:com.practice.testcases.AddCustomer@4a668b6e]" started-at="2020-07-27T17:04:00Z" name="addCustomers" data-provider="AddCustomers" finished-at="2020-07-27T17:04:11Z" duration-ms="11695" status="PASS">
          <params>
            <param index="0">
              <value>
                <![CDATA[Sathiya]]>
              </value>
            </param>
            <param index="1">
              <value>
                <![CDATA[M]]>
              </value>
            </param>
            <param index="2">
              <value>
                <![CDATA[8770]]>
              </value>
            </param>
            <param index="3">
              <value>
                <![CDATA[Dollar]]>
              </value>
            </param>
          </params>
          <reporter-output>
          </reporter-output>
        </test-method> <!-- addCustomers -->
        <test-method is-config="true" signature="clickHome()[pri:0, instance:com.practice.testcases.AddCustomer@4a668b6e]" started-at="2020-07-27T17:04:11Z" name="clickHome" finished-at="2020-07-27T17:04:11Z" duration-ms="125" status="PASS">
          <reporter-output>
          </reporter-output>
        </test-method> <!-- clickHome -->
      </class> <!-- com.practice.testcases.AddCustomer -->
    </test> <!-- Test case - 2 -->
    <test started-at="2020-07-27T11:34:11Z" name="Test case - 3" finished-at="2020-07-27T11:34:16Z" duration-ms="4255">
      <class name="com.practice.testcases.CustomerLogin">
        <test-method is-config="true" signature="setUp()[pri:0, instance:com.practice.testcases.CustomerLogin@776b83cc]" started-at="2020-07-27T17:03:48Z" name="setUp" finished-at="2020-07-27T17:03:58Z" duration-ms="9957" status="PASS">
          <reporter-output>
          </reporter-output>
        </test-method> <!-- setUp -->
        <test-method is-config="true" signature="clickCustomerLOgin()[pri:0, instance:com.practice.testcases.CustomerLogin@776b83cc]" started-at="2020-07-27T17:04:11Z" name="clickCustomerLOgin" finished-at="2020-07-27T17:04:12Z" duration-ms="106" status="PASS">
          <reporter-output>
          </reporter-output>
        </test-method> <!-- clickCustomerLOgin -->
        <test-method signature="customerLoginPage()[pri:0, instance:com.practice.testcases.CustomerLogin@776b83cc]" started-at="2020-07-27T17:04:12Z" name="customerLoginPage" finished-at="2020-07-27T17:04:16Z" duration-ms="4138" status="PASS">
          <reporter-output>
          </reporter-output>
        </test-method> <!-- customerLoginPage -->
        <test-method is-config="true" signature="tearDown()[pri:0, instance:com.practice.testcases.CustomerLogin@776b83cc]" started-at="2020-07-27T17:04:16Z" name="tearDown" finished-at="2020-07-27T17:04:18Z" duration-ms="1983" status="PASS">
          <reporter-output>
          </reporter-output>
        </test-method> <!-- tearDown -->
      </class> <!-- com.practice.testcases.CustomerLogin -->
    </test> <!-- Test case - 3 -->
  </suite> <!-- Test suite -->
</testng-results>
