<?xml version="1.0" encoding="UTF-8"?>
<testng-results ignored="0" total="3" passed="3" failed="0" skipped="0">
  <reporter-output>
  </reporter-output>
  <suite started-at="2020-07-20T12:30:00Z" name="Test suite" finished-at="2020-07-20T12:30:16Z" duration-ms="15365">
    <groups>
    </groups>
    <test started-at="2020-07-20T12:30:00Z" name="Test case - 1" finished-at="2020-07-20T12:30:01Z" duration-ms="380">
      <class name="com.practice.testcases.LoginTest">
        <test-method signature="login()[pri:0, instance:com.practice.testcases.LoginTest@2b4bac49]" started-at="2020-07-20T18:00:00Z" name="login" finished-at="2020-07-20T18:00:01Z" duration-ms="347" status="PASS">
          <reporter-output>
          </reporter-output>
        </test-method> <!-- login -->
      </class> <!-- com.practice.testcases.LoginTest -->
    </test> <!-- Test case - 1 -->
    <test started-at="2020-07-20T12:30:01Z" name="Test case - 2" finished-at="2020-07-20T12:30:12Z" duration-ms="11102">
      <class name="com.practice.testcases.AddCustomer">
        <test-method is-config="true" signature="clickAddCustomers()[pri:0, instance:com.practice.testcases.AddCustomer@4a668b6e]" started-at="2020-07-20T18:00:01Z" name="clickAddCustomers" finished-at="2020-07-20T18:00:01Z" duration-ms="175" status="PASS">
          <reporter-output>
          </reporter-output>
        </test-method> <!-- clickAddCustomers -->
        <test-method signature="addCustomers(java.lang.String, java.lang.String, java.lang.String, java.lang.String)[pri:0, instance:com.practice.testcases.AddCustomer@4a668b6e]" started-at="2020-07-20T18:00:01Z" name="addCustomers" data-provider="AddCustomers" finished-at="2020-07-20T18:00:12Z" duration-ms="10732" status="PASS">
          <params>
            <param index="0">
              <value>
                <![CDATA[Sathiya]]>
              </value>
            </param>
            <param index="1">
              <value>
                <![CDATA[M]]>
              </value>
            </param>
            <param index="2">
              <value>
                <![CDATA[8770]]>
              </value>
            </param>
            <param index="3">
              <value>
                <![CDATA[Dollar]]>
              </value>
            </param>
          </params>
          <reporter-output>
          </reporter-output>
        </test-method> <!-- addCustomers -->
        <test-method is-config="true" signature="clickHome()[pri:0, instance:com.practice.testcases.AddCustomer@4a668b6e]" started-at="2020-07-20T18:00:12Z" name="clickHome" finished-at="2020-07-20T18:00:12Z" duration-ms="157" status="PASS">
          <reporter-output>
          </reporter-output>
        </test-method> <!-- clickHome -->
      </class> <!-- com.practice.testcases.AddCustomer -->
    </test> <!-- Test case - 2 -->
    <test started-at="2020-07-20T12:30:12Z" name="Test case - 3" finished-at="2020-07-20T12:30:16Z" duration-ms="3827">
      <class name="com.practice.testcases.CustomerLogin">
        <test-method is-config="true" signature="setUp()[pri:0, instance:com.practice.testcases.CustomerLogin@776b83cc]" started-at="2020-07-20T17:59:51Z" name="setUp" finished-at="2020-07-20T18:00:00Z" duration-ms="9220" status="PASS">
          <reporter-output>
          </reporter-output>
        </test-method> <!-- setUp -->
        <test-method is-config="true" signature="clickCustomerLOgin()[pri:0, instance:com.practice.testcases.CustomerLogin@776b83cc]" started-at="2020-07-20T18:00:12Z" name="clickCustomerLOgin" finished-at="2020-07-20T18:00:12Z" duration-ms="107" status="PASS">
          <reporter-output>
          </reporter-output>
        </test-method> <!-- clickCustomerLOgin -->
        <test-method signature="customerLoginPage()[pri:0, instance:com.practice.testcases.CustomerLogin@776b83cc]" started-at="2020-07-20T18:00:12Z" name="customerLoginPage" finished-at="2020-07-20T18:00:16Z" duration-ms="3715" status="PASS">
          <reporter-output>
          </reporter-output>
        </test-method> <!-- customerLoginPage -->
        <test-method is-config="true" signature="tearDown()[pri:0, instance:com.practice.testcases.CustomerLogin@776b83cc]" started-at="2020-07-20T18:00:16Z" name="tearDown" finished-at="2020-07-20T18:00:17Z" duration-ms="1956" status="PASS">
          <reporter-output>
          </reporter-output>
        </test-method> <!-- tearDown -->
      </class> <!-- com.practice.testcases.CustomerLogin -->
    </test> <!-- Test case - 3 -->
  </suite> <!-- Test suite -->
</testng-results>
